<?xml version="1.0" encoding="UTF-8"?>
<!-- Generated by org.testng.reporters.JUnitXMLReporter -->
<testsuite ignored="0" hostname="DESKTOP-V99HU7G" failures="0" tests="2" name="TestRunner2" time="0.126" errors="0" timestamp="2022-01-22T13:07:18 IST">
  <testcase classname="com.crm.GenericLibraries.BaseClass" name="@BeforeClass configBC" time="-1.642837038264E9">
    <failure type="org.testng.TestNGException" message="
Parameter &amp;apos;browser&amp;apos; is required by BeforeClass on method configBC but has not been marked @Optional or defined
in E:\Test Yanta\SDET29\Comcast_selenium_Framework\testng_DistributedParallel.xml">
      <![CDATA[org.testng.TestNGException: 
Parameter 'browser' is required by BeforeClass on method configBC but has not been marked @Optional or defined
in E:\Test Yanta\SDET29\Comcast_selenium_Framework\testng_DistributedParallel.xml
at java.base/java.util.ArrayList.forEach(ArrayList.java:1511)
at java.base/java.util.concurrent.FutureTask.run(FutureTask.java:264)
at java.base/java.util.concurrent.ThreadPoolExecutor.runWorker(ThreadPoolExecutor.java:1136)
at java.base/java.util.concurrent.ThreadPoolExecutor$Worker.run(ThreadPoolExecutor.java:635)
at java.base/java.lang.Thread.run(Thread.java:833)
... Removed 13 stack frames]]>
    </failure>
  </testcase> <!-- @BeforeClass configBC -->
  <testcase classname="com.crm.GenericLibraries.BaseClass" name="@BeforeMethod configBM" time="-1.642837038299E9">
    <skipped/>
  </testcase> <!-- @BeforeMethod configBM -->
  <testcase classname="com.crm.GenericLibraries.BaseClass" name="@AfterMethod configAM" time="-1.642837038315E9">
    <skipped/>
  </testcase> <!-- @AfterMethod configAM -->
  <testcase classname="com.crm.GenericLibraries.BaseClass" name="@BeforeMethod configBM" time="-1.642837038328E9">
    <skipped/>
  </testcase> <!-- @BeforeMethod configBM -->
  <testcase classname="com.crm.GenericLibraries.BaseClass" name="@AfterMethod configAM" time="-1.642837038354E9">
    <skipped/>
  </testcase> <!-- @AfterMethod configAM -->
  <testcase classname="com.crm.GenericLibraries.BaseClass" name="@AfterClass configAC" time="-1.642837038358E9">
    <skipped/>
  </testcase> <!-- @AfterClass configAC -->
  <testcase classname="com.crm.ContactTest.ContactTest" name="createContactTest" time="0.0">
    <skipped/>
  </testcase> <!-- createContactTest -->
  <testcase classname="com.crm.ContactTest.ContactTest" name="createContactWithOrgTest" time="0.0">
    <skipped/>
  </testcase> <!-- createContactWithOrgTest -->
</testsuite> <!-- TestRunner2 -->
