<?xml version="1.0" encoding="UTF-8"?>
<!-- Generated by org.testng.reporters.JUnitXMLReporter -->
<testsuite ignored="0" hostname="DESKTOP-V99HU7G" failures="1" tests="4" name="Test" time="60.889" errors="0" timestamp="2022-01-23T17:31:55 IST">
  <testcase classname="practice.SampleTestForScreenshot" name="sampleCodeTest" time="0.022">
    <skipped/>
  </testcase> <!-- sampleCodeTest -->
  <testcase classname="practice.SampleTestForScreenshot" name="sampleCodeTest" time="0.005">
    <skipped/>
  </testcase> <!-- sampleCodeTest -->
  <testcase classname="practice.SampleTestForScreenshot" name="sampleCodeTest" time="0.002">
    <skipped/>
  </testcase> <!-- sampleCodeTest -->
  <testcase classname="practice.SampleTestForScreenshot" name="sampleCodeTest" time="0.002">
    <failure type="java.lang.AssertionError" message="expected [B] but found [A]">
      <![CDATA[java.lang.AssertionError: expected [B] but found [A]
at practice.SampleTestForScreenshot.sampleCodeTest(SampleTestForScreenshot.java:19)
at java.base/java.util.ArrayList.forEach(ArrayList.java:1511)
... Removed 33 stack frames]]>
    </failure>
  </testcase> <!-- sampleCodeTest -->
</testsuite> <!-- Test -->
